<?xml version='1.0' encoding='UTF-8'?>
<testsuite hostname="ELSLAPM-156179" name="quantexa.services.Question2Test" tests="3" errors="0" failures="0" skipped="0" time="0.031" timestamp="2022-07-06T09:26:28">
          <properties>
      <property name="java.specification.version" value="16"/><property name="sun.jnu.encoding" value="UTF-8"/><property name="sun.arch.data.model" value="64"/><property name="java.vendor.url" value="https://github.com/Homebrew/homebrew-core/issues"/><property name="sun.boot.library.path" value="/usr/local/Cellar/openjdk/16.0.1/libexec/openjdk.jdk/Contents/Home/lib"/><property name="sun.java.command" value="/usr/local/Cellar/sbt/1.5.4/libexec/bin/sbt-launch.jar test"/><property name="jdk.debug" value="release"/><property name="java.specification.vendor" value="Oracle Corporation"/><property name="java.version.date" value="2021-04-20"/><property name="java.home" value="/usr/local/Cellar/openjdk/16.0.1/libexec/openjdk.jdk/Contents/Home"/><property name="file.separator" value="/"/><property name="java.vm.compressedOopsMode" value="Zero based"/><property name="line.separator" value="
"/><property name="java.specification.name" value="Java Platform API Specification"/><property name="java.vm.specification.vendor" value="Oracle Corporation"/><property name="sun.management.compiler" value="HotSpot 64-Bit Tiered Compilers"/><property name="java.runtime.version" value="16.0.1+0"/><property name="user.name" value="sassolig"/><property name="log4j.ignoreTCL" value="true"/><property name="file.encoding" value="UTF-8"/><property name="jnidispatch.path" value="/Users/sassolig/Library/Caches/JNA/temp/jna9307153886167058000.tmp"/><property name="java.vendor.version" value="Homebrew"/><property name="jna.loaded" value="true"/><property name="java.io.tmpdir" value="/var/folders/36/2m57w4h10p525wnh44jpck68cr_hmz/T/"/><property name="java.version" value="16.0.1"/><property name="java.vm.specification.name" value="Java Virtual Machine Specification"/><property name="java.library.path" value="/Users/sassolig/Library/Java/Extensions:/Library/Java/Extensions:/Network/Library/Java/Extensions:/System/Library/Java/Extensions:/usr/lib/java:."/><property name="java.vendor" value="Homebrew"/><property name="scala.ext.dirs" value="/Users/sassolig/.sbt/1.0/java9-rt-ext-homebrew_16_0_1"/><property name="sun.io.unicode.encoding" value="UnicodeBig"/><property name="java.class.path" value="/usr/local/Cellar/sbt/1.5.4/libexec/bin/sbt-launch.jar"/><property name="java.vm.vendor" value="Homebrew"/><property name="jline.shutdownhook" value="false"/><property name="user.timezone" value="Europe/London"/><property name="java.vm.specification.version" value="16"/><property name="os.name" value="Mac OS X"/><property name="sun.java.launcher" value="SUN_STANDARD"/><property name="user.country" value="GB"/><property name="sun.cpu.endian" value="little"/><property name="user.home" value="/Users/sassolig"/><property name="user.language" value="en"/><property name="swoval.tmpdir" value="/Users/sassolig/.sbt/1.0"/><property name="jline.esc.timeout" value="0"/><property name="path.separator" value=":"/><property name="os.version" value="11.5"/><property name="jna.nosys" value="true"/><property name="java.runtime.name" value="OpenJDK Runtime Environment"/><property name="java.vm.name" value="OpenJDK 64-Bit Server VM"/><property name="jna.platform.library.path" value="/usr/lib:/usr/lib"/><property name="java.vendor.url.bug" value="https://github.com/Homebrew/homebrew-core/issues"/><property name="user.dir" value="/Users/sassolig/StudingProjects/QuantexaExercise"/><property name="os.arch" value="x86_64"/><property name="java.vm.info" value="mixed mode, sharing"/><property name="java.vm.version" value="16.0.1+0"/><property name="java.class.version" value="60.0"/>
    </properties>
          <testcase classname="quantexa.services.Question2Test" name="exerciseSolver should return the average transaction grouped by userID and Category" time="0.028">
                      
                    </testcase><testcase classname="quantexa.services.Question2Test" name="getTransactionsByUserAndCategory should group transaction by userId and Category" time="0.002">
                      
                    </testcase><testcase classname="quantexa.services.Question2Test" name="calculateAverage should calculate average" time="0.001">
                      
                    </testcase>
          <system-out><![CDATA[]]></system-out>
          <system-err><![CDATA[]]></system-err>
        </testsuite>